  client.c
C:\Users\seung\Workspace\Pisces\Pisces.Common\network.h(53,5): error C2061: 구문 오류: 식별자 'SOCKET'
  (소스 파일 'client.c'을(를) 컴파일하는 중)
  
C:\Users\seung\Workspace\Pisces\Pisces.Common\network.h(58,24): error C2079: 'local_addr'은(는) 정의되지 않은 struct 'sockaddr_in'을(를) 사용합니다.
  (소스 파일 'client.c'을(를) 컴파일하는 중)
  
C:\Users\seung\Workspace\Pisces\Pisces.Common\network.h(59,24): error C2079: 'remote_addr'은(는) 정의되지 않은 struct 'sockaddr_in'을(를) 사용합니다.
  (소스 파일 'client.c'을(를) 컴파일하는 중)
  
C:\Users\seung\Workspace\Pisces\Pisces.Common\network.h(76,1): error C2059: 구문 오류: '}'
  (소스 파일 'client.c'을(를) 컴파일하는 중)
  
C:\Users\seung\Workspace\Pisces\Pisces.Common\network.h(108,17): error C2143: 구문 오류: '{'이(가) '*' 앞에 없습니다.
  (소스 파일 'client.c'을(를) 컴파일하는 중)
  
C:\Users\seung\Workspace\Pisces\Pisces.Common\network.h(114,45): error C2143: 구문 오류: ')'이(가) '*' 앞에 없습니다.
  (소스 파일 'client.c'을(를) 컴파일하는 중)
  
C:\Users\seung\Workspace\Pisces\Pisces.Common\network.h(114,45): error C2143: 구문 오류: '{'이(가) '*' 앞에 없습니다.
  (소스 파일 'client.c'을(를) 컴파일하는 중)
  
C:\Users\seung\Workspace\Pisces\Pisces.Common\network.h(114,51): error C2059: 구문 오류: ')'
  (소스 파일 'client.c'을(를) 컴파일하는 중)
  
C:\Users\seung\Workspace\Pisces\Pisces.Common\network.h(121,65): error C2143: 구문 오류: ')'이(가) '*' 앞에 없습니다.
  (소스 파일 'client.c'을(를) 컴파일하는 중)
  
C:\Users\seung\Workspace\Pisces\Pisces.Common\network.h(121,65): error C2143: 구문 오류: '{'이(가) '*' 앞에 없습니다.
  (소스 파일 'client.c'을(를) 컴파일하는 중)
  
C:\Users\seung\Workspace\Pisces\Pisces.Common\network.h(121,71): error C2059: 구문 오류: ')'
  (소스 파일 'client.c'을(를) 컴파일하는 중)
  
C:\Users\seung\Workspace\Pisces\Pisces.Common\network.h(129,64): error C2143: 구문 오류: ')'이(가) '*' 앞에 없습니다.
  (소스 파일 'client.c'을(를) 컴파일하는 중)
  
C:\Users\seung\Workspace\Pisces\Pisces.Common\network.h(129,64): error C2143: 구문 오류: '{'이(가) '*' 앞에 없습니다.
  (소스 파일 'client.c'을(를) 컴파일하는 중)
  
C:\Users\seung\Workspace\Pisces\Pisces.Common\network.h(129,72): error C2059: 구문 오류: '형식'
  (소스 파일 'client.c'을(를) 컴파일하는 중)
  
C:\Users\seung\Workspace\Pisces\Pisces.Common\network.h(129,82): error C2059: 구문 오류: ')'
  (소스 파일 'client.c'을(를) 컴파일하는 중)
  
C:\Users\seung\Workspace\Pisces\Pisces.Common\network.h(137,61): error C2143: 구문 오류: ')'이(가) '*' 앞에 없습니다.
  (소스 파일 'client.c'을(를) 컴파일하는 중)
  
C:\Users\seung\Workspace\Pisces\Pisces.Common\network.h(137,61): error C2143: 구문 오류: '{'이(가) '*' 앞에 없습니다.
  (소스 파일 'client.c'을(를) 컴파일하는 중)
  
C:\Users\seung\Workspace\Pisces\Pisces.Common\network.h(137,69): error C2059: 구문 오류: '형식'
  (소스 파일 'client.c'을(를) 컴파일하는 중)
  
C:\Users\seung\Workspace\Pisces\Pisces.Common\network.h(137,83): error C2059: 구문 오류: ')'
  (소스 파일 'client.c'을(를) 컴파일하는 중)
  
C:\Users\seung\Workspace\Pisces\Pisces.Common\network.h(150,54): error C2143: 구문 오류: ')'이(가) '*' 앞에 없습니다.
  (소스 파일 'client.c'을(를) 컴파일하는 중)
  
C:\Users\seung\Workspace\Pisces\Pisces.Common\network.h(150,54): error C2143: 구문 오류: '{'이(가) '*' 앞에 없습니다.
  (소스 파일 'client.c'을(를) 컴파일하는 중)
  
C:\Users\seung\Workspace\Pisces\Pisces.Common\network.h(150,62): error C2371: 'uint16_t': 재정의. 기본 형식이 다릅니다.
  (소스 파일 'client.c'을(를) 컴파일하는 중)
      C:\Program Files\Microsoft Visual Studio\2022\Community\VC\Tools\MSVC\14.44.35207\include\stdint.h(23,28):
      'uint16_t' 선언을 참조하십시오.
  
C:\Users\seung\Workspace\Pisces\Pisces.Common\network.h(150,71): error C2146: 구문 오류: ';'이(가) 'port' 식별자 앞에 없습니다.
  (소스 파일 'client.c'을(를) 컴파일하는 중)
  
C:\Users\seung\Workspace\Pisces\Pisces.Common\network.h(150,83): error C2059: 구문 오류: '형식'
  (소스 파일 'client.c'을(를) 컴파일하는 중)
  
C:\Users\seung\Workspace\Pisces\Pisces.Common\network.h(150,101): error C2059: 구문 오류: ')'
  (소스 파일 'client.c'을(를) 컴파일하는 중)
  
C:\Users\seung\Workspace\Pisces\Pisces.Common\network.h(158,56): error C2143: 구문 오류: ')'이(가) '*' 앞에 없습니다.
  (소스 파일 'client.c'을(를) 컴파일하는 중)
  
C:\Users\seung\Workspace\Pisces\Pisces.Common\network.h(158,56): error C2143: 구문 오류: '{'이(가) '*' 앞에 없습니다.
  (소스 파일 'client.c'을(를) 컴파일하는 중)
  
C:\Users\seung\Workspace\Pisces\Pisces.Common\network.h(158,64): error C2059: 구문 오류: '형식'
  (소스 파일 'client.c'을(를) 컴파일하는 중)
  
C:\Users\seung\Workspace\Pisces\Pisces.Common\network.h(158,75): error C2059: 구문 오류: ')'
  (소스 파일 'client.c'을(를) 컴파일하는 중)
  
C:\Users\seung\Workspace\Pisces\Pisces.Common\network.h(165,17): error C2143: 구문 오류: '{'이(가) '*' 앞에 없습니다.
  (소스 파일 'client.c'을(를) 컴파일하는 중)
  
C:\Users\seung\Workspace\Pisces\Pisces.Common\network.h(165,57): error C2143: 구문 오류: ')'이(가) '*' 앞에 없습니다.
  (소스 파일 'client.c'을(를) 컴파일하는 중)
  
C:\Users\seung\Workspace\Pisces\Pisces.Common\network.h(165,57): error C2143: 구문 오류: '{'이(가) '*' 앞에 없습니다.
  (소스 파일 'client.c'을(를) 컴파일하는 중)
  
C:\Users\seung\Workspace\Pisces\Pisces.Common\network.h(165,70): error C2059: 구문 오류: ')'
  (소스 파일 'client.c'을(를) 컴파일하는 중)
  
C:\Users\seung\Workspace\Pisces\Pisces.Common\network.h(178,57): error C2143: 구문 오류: ')'이(가) '*' 앞에 없습니다.
  (소스 파일 'client.c'을(를) 컴파일하는 중)
  
C:\Users\seung\Workspace\Pisces\Pisces.Common\network.h(178,57): error C2143: 구문 오류: '{'이(가) '*' 앞에 없습니다.
  (소스 파일 'client.c'을(를) 컴파일하는 중)
  
C:\Users\seung\Workspace\Pisces\Pisces.Common\network.h(178,71): error C2059: 구문 오류: '형식'
  (소스 파일 'client.c'을(를) 컴파일하는 중)
  
C:\Users\seung\Workspace\Pisces\Pisces.Common\network.h(178,100): error C2059: 구문 오류: ')'
  (소스 파일 'client.c'을(를) 컴파일하는 중)
  
C:\Users\seung\Workspace\Pisces\Pisces.Common\network.h(185,63): error C2143: 구문 오류: ')'이(가) '*' 앞에 없습니다.
  (소스 파일 'client.c'을(를) 컴파일하는 중)
  
C:\Users\seung\Workspace\Pisces\Pisces.Common\network.h(185,63): error C2143: 구문 오류: '{'이(가) '*' 앞에 없습니다.
  (소스 파일 'client.c'을(를) 컴파일하는 중)
  
C:\Users\seung\Workspace\Pisces\Pisces.Common\network.h(185,69): error C2059: 구문 오류: ')'
  (소스 파일 'client.c'을(를) 컴파일하는 중)
  
C:\Users\seung\Workspace\Pisces\Pisces.Common\network.h(199,54): error C2143: 구문 오류: ')'이(가) '*' 앞에 없습니다.
  (소스 파일 'client.c'을(를) 컴파일하는 중)
  
C:\Users\seung\Workspace\Pisces\Pisces.Common\network.h(199,54): error C2143: 구문 오류: '{'이(가) '*' 앞에 없습니다.
  (소스 파일 'client.c'을(를) 컴파일하는 중)
  
C:\Users\seung\Workspace\Pisces\Pisces.Common\network.h(199,68): error C2059: 구문 오류: '형식'
  (소스 파일 'client.c'을(를) 컴파일하는 중)
  
C:\Users\seung\Workspace\Pisces\Pisces.Common\network.h(200,32): error C2059: 구문 오류: ')'
  (소스 파일 'client.c'을(를) 컴파일하는 중)
  
C:\Users\seung\Workspace\Pisces\Pisces.Common\network.h(210,54): error C2143: 구문 오류: ')'이(가) '*' 앞에 없습니다.
  (소스 파일 'client.c'을(를) 컴파일하는 중)
  
C:\Users\seung\Workspace\Pisces\Pisces.Common\network.h(210,54): error C2143: 구문 오류: '{'이(가) '*' 앞에 없습니다.
  (소스 파일 'client.c'을(를) 컴파일하는 중)
  
C:\Users\seung\Workspace\Pisces\Pisces.Common\network.h(210,62): error C2059: 구문 오류: '형식'
  (소스 파일 'client.c'을(를) 컴파일하는 중)
  
C:\Users\seung\Workspace\Pisces\Pisces.Common\network.h(211,41): error C2059: 구문 오류: ')'
  (소스 파일 'client.c'을(를) 컴파일하는 중)
  
C:\Users\seung\Workspace\Pisces\Pisces.Common\network.h(220,58): error C2143: 구문 오류: ')'이(가) '*' 앞에 없습니다.
  (소스 파일 'client.c'을(를) 컴파일하는 중)
  
C:\Users\seung\Workspace\Pisces\Pisces.Common\network.h(220,58): error C2143: 구문 오류: '{'이(가) '*' 앞에 없습니다.
  (소스 파일 'client.c'을(를) 컴파일하는 중)
  
C:\Users\seung\Workspace\Pisces\Pisces.Common\network.h(220,72): error C2059: 구문 오류: '형식'
  (소스 파일 'client.c'을(를) 컴파일하는 중)
  
C:\Users\seung\Workspace\Pisces\Pisces.Common\network.h(220,94): error C2059: 구문 오류: ')'
  (소스 파일 'client.c'을(를) 컴파일하는 중)
  
C:\Users\seung\Workspace\Pisces\Pisces.Common\network.h(229,58): error C2143: 구문 오류: ')'이(가) '*' 앞에 없습니다.
  (소스 파일 'client.c'을(를) 컴파일하는 중)
  
C:\Users\seung\Workspace\Pisces\Pisces.Common\network.h(229,58): error C2143: 구문 오류: '{'이(가) '*' 앞에 없습니다.
  (소스 파일 'client.c'을(를) 컴파일하는 중)
  
C:\Users\seung\Workspace\Pisces\Pisces.Common\network.h(229,66): error C2059: 구문 오류: '형식'
  (소스 파일 'client.c'을(를) 컴파일하는 중)
  
C:\Users\seung\Workspace\Pisces\Pisces.Common\network.h(229,90): error C2059: 구문 오류: ')'
  (소스 파일 'client.c'을(를) 컴파일하는 중)
  
C:\Users\seung\Workspace\Pisces\Pisces.Common\network.h(241,62): error C2143: 구문 오류: ')'이(가) '*' 앞에 없습니다.
  (소스 파일 'client.c'을(를) 컴파일하는 중)
  
C:\Users\seung\Workspace\Pisces\Pisces.Common\network.h(241,62): error C2143: 구문 오류: '{'이(가) '*' 앞에 없습니다.
  (소스 파일 'client.c'을(를) 컴파일하는 중)
  
C:\Users\seung\Workspace\Pisces\Pisces.Common\network.h(241,76): error C2371: 'message_t': 재정의. 기본 형식이 다릅니다.
  (소스 파일 'client.c'을(를) 컴파일하는 중)
      C:\Users\seung\Workspace\Pisces\Pisces.Common\message.h(24,3):
      'message_t' 선언을 참조하십시오.
  
C:\Users\seung\Workspace\Pisces\Pisces.Common\network.h(241,70): warning C4228: 비표준 확장이 사용됨: 선언자 목록에서 쉼표 뒤의 한정자가 무시됩니다.
  (소스 파일 'client.c'을(를) 컴파일하는 중)
  
C:\Users\seung\Workspace\Pisces\Pisces.Common\network.h(241,85): error C2143: 구문 오류: ';'이(가) '*' 앞에 없습니다.
  (소스 파일 'client.c'을(를) 컴파일하는 중)
  
C:\Users\seung\Workspace\Pisces\Pisces.Common\network.h(241,90): error C2059: 구문 오류: ')'
  (소스 파일 'client.c'을(를) 컴파일하는 중)
  
C:\Users\seung\Workspace\Pisces\Pisces.Common\network.h(248,56): error C2143: 구문 오류: ')'이(가) '*' 앞에 없습니다.
  (소스 파일 'client.c'을(를) 컴파일하는 중)
  
C:\Users\seung\Workspace\Pisces\Pisces.Common\network.h(248,56): error C2143: 구문 오류: '{'이(가) '*' 앞에 없습니다.
  (소스 파일 'client.c'을(를) 컴파일하는 중)
  
C:\Users\seung\Workspace\Pisces\Pisces.Common\network.h(248,62): error C2059: 구문 오류: ')'
  (소스 파일 'client.c'을(를) 컴파일하는 중)
  
C:\Users\seung\Workspace\Pisces\Pisces.Common\network.h(259,55): error C2143: 구문 오류: ')'이(가) '*' 앞에 없습니다.
  (소스 파일 'client.c'을(를) 컴파일하는 중)
  
C:\Users\seung\Workspace\Pisces\Pisces.Common\network.h(259,55): error C2143: 구문 오류: '{'이(가) '*' 앞에 없습니다.
  (소스 파일 'client.c'을(를) 컴파일하는 중)
  
C:\Users\seung\Workspace\Pisces\Pisces.Common\network.h(259,61): error C2059: 구문 오류: ')'
  (소스 파일 'client.c'을(를) 컴파일하는 중)
  
C:\Users\seung\Workspace\Pisces\Pisces.Common\network.h(266,55): error C2143: 구문 오류: ')'이(가) '*' 앞에 없습니다.
  (소스 파일 'client.c'을(를) 컴파일하는 중)
  
C:\Users\seung\Workspace\Pisces\Pisces.Common\network.h(266,55): error C2143: 구문 오류: '{'이(가) '*' 앞에 없습니다.
  (소스 파일 'client.c'을(를) 컴파일하는 중)
  
C:\Users\seung\Workspace\Pisces\Pisces.Common\network.h(266,61): error C2059: 구문 오류: ')'
  (소스 파일 'client.c'을(를) 컴파일하는 중)
  
C:\Users\seung\Workspace\Pisces\Pisces.Common\network.h(274,45): error C2143: 구문 오류: ')'이(가) '*' 앞에 없습니다.
  (소스 파일 'client.c'을(를) 컴파일하는 중)
  
C:\Users\seung\Workspace\Pisces\Pisces.Common\network.h(274,45): error C2143: 구문 오류: '{'이(가) '*' 앞에 없습니다.
  (소스 파일 'client.c'을(를) 컴파일하는 중)
  
C:\Users\seung\Workspace\Pisces\Pisces.Common\network.h(274,53): error C2059: 구문 오류: '형식'
  (소스 파일 'client.c'을(를) 컴파일하는 중)
  
C:\Users\seung\Workspace\Pisces\Pisces.Common\network.h(274,67): error C2059: 구문 오류: ')'
  (소스 파일 'client.c'을(를) 컴파일하는 중)
  
C:\Users\seung\Workspace\Pisces\Pisces.Common\network.h(282,46): error C2143: 구문 오류: ')'이(가) '*' 앞에 없습니다.
  (소스 파일 'client.c'을(를) 컴파일하는 중)
  
C:\Users\seung\Workspace\Pisces\Pisces.Common\network.h(282,46): error C2143: 구문 오류: '{'이(가) '*' 앞에 없습니다.
  (소스 파일 'client.c'을(를) 컴파일하는 중)
  
C:\Users\seung\Workspace\Pisces\Pisces.Common\network.h(282,54): error C2059: 구문 오류: '형식'
  (소스 파일 'client.c'을(를) 컴파일하는 중)
  
C:\Users\seung\Workspace\Pisces\Pisces.Common\network.h(282,68): error C2059: 구문 오류: ')'
  (소스 파일 'client.c'을(를) 컴파일하는 중)
  
C:\Users\seung\Workspace\Pisces\Pisces.Common\network.h(324,55): error C2143: 구문 오류: ')'이(가) '*' 앞에 없습니다.
  (소스 파일 'client.c'을(를) 컴파일하는 중)
  
C:\Users\seung\Workspace\Pisces\Pisces.Common\network.h(324,55): error C2143: 구문 오류: '{'이(가) '*' 앞에 없습니다.
  (소스 파일 'client.c'을(를) 컴파일하는 중)
  
C:\Users\seung\Workspace\Pisces\Pisces.Common\network.h(324,61): error C2059: 구문 오류: ')'
  (소스 파일 'client.c'을(를) 컴파일하는 중)
  
C:\Users\seung\Workspace\Pisces\Pisces.Common\utils.h(196,41): error C2146: 구문 오류: ')'이(가) 'error_code' 식별자 앞에 없습니다.
  (소스 파일 'client.c'을(를) 컴파일하는 중)
  
C:\Users\seung\Workspace\Pisces\Pisces.Common\utils.h(196,41): error C2061: 구문 오류: 식별자 'error_code'
  (소스 파일 'client.c'을(를) 컴파일하는 중)
  
C:\Users\seung\Workspace\Pisces\Pisces.Common\utils.h(196,41): error C2059: 구문 오류: ';'
  (소스 파일 'client.c'을(를) 컴파일하는 중)
  
C:\Users\seung\Workspace\Pisces\Pisces.Common\utils.h(196,51): error C2059: 구문 오류: ','
  (소스 파일 'client.c'을(를) 컴파일하는 중)
  
C:\Users\seung\Workspace\Pisces\Pisces.Common\utils.h(196,85): error C2059: 구문 오류: ')'
  (소스 파일 'client.c'을(를) 컴파일하는 중)
  
C:\Users\seung\Workspace\Pisces\Pisces.Client\client.h(164,5): error C2061: 구문 오류: 식별자 'network_socket_t'
  (소스 파일 'client.c'을(를) 컴파일하는 중)
  
C:\Users\seung\Workspace\Pisces\Pisces.Client\client.h(187,1): error C2059: 구문 오류: '}'
  (소스 파일 'client.c'을(를) 컴파일하는 중)
  
C:\Users\seung\Workspace\Pisces\Pisces.Client\client.h(198,14): error C2143: 구문 오류: '{'이(가) '*' 앞에 없습니다.
  (소스 파일 'client.c'을(를) 컴파일하는 중)
  
C:\Users\seung\Workspace\Pisces\Pisces.Client\client.h(204,34): error C2143: 구문 오류: ')'이(가) '*' 앞에 없습니다.
  (소스 파일 'client.c'을(를) 컴파일하는 중)
  
C:\Users\seung\Workspace\Pisces\Pisces.Client\client.h(204,34): error C2143: 구문 오류: '{'이(가) '*' 앞에 없습니다.
  (소스 파일 'client.c'을(를) 컴파일하는 중)
  
C:\Users\seung\Workspace\Pisces\Pisces.Client\client.h(204,42): error C2059: 구문 오류: ')'
  (소스 파일 'client.c'을(를) 컴파일하는 중)
  
C:\Users\seung\Workspace\Pisces\Pisces.Client\client.h(211,31): error C2143: 구문 오류: ')'이(가) '*' 앞에 없습니다.
  (소스 파일 'client.c'을(를) 컴파일하는 중)
  
C:\Users\seung\Workspace\Pisces\Pisces.Client\client.h(211,31): error C2143: 구문 오류: '{'이(가) '*' 앞에 없습니다.
  (소스 파일 'client.c'을(를) 컴파일하는 중)
  
C:\Users\seung\Workspace\Pisces\Pisces.Client\client.h(211,39): error C2059: 구문 오류: ')'
  (소스 파일 'client.c'을(를) 컴파일하는 중)
  
C:\Users\seung\Workspace\Pisces\Pisces.Client\client.h(218,34): error C2143: 구문 오류: ')'이(가) '*' 앞에 없습니다.
  (소스 파일 'client.c'을(를) 컴파일하는 중)
  
C:\Users\seung\Workspace\Pisces\Pisces.Client\client.h(218,34): error C2143: 구문 오류: '{'이(가) '*' 앞에 없습니다.
  (소스 파일 'client.c'을(를) 컴파일하는 중)
  
C:\Users\seung\Workspace\Pisces\Pisces.Client\client.h(218,42): error C2059: 구문 오류: ')'
  (소스 파일 'client.c'을(를) 컴파일하는 중)
  
C:\Users\seung\Workspace\Pisces\Pisces.Client\client.h(225,29): error C2143: 구문 오류: ')'이(가) '*' 앞에 없습니다.
  (소스 파일 'client.c'을(를) 컴파일하는 중)
  
C:\Users\seung\Workspace\Pisces\Pisces.Client\client.h(225,29): error C2143: 구문 오류: '{'이(가) '*' 앞에 없습니다.
  (소스 파일 'client.c'을(를) 컴파일하는 중)
  
C:\Users\seung\Workspace\Pisces\Pisces.Client\client.h(225,37): error C2059: 구문 오류: ')'
  (소스 파일 'client.c'을(를) 컴파일하는 중)
  
C:\Users\seung\Workspace\Pisces\Pisces.Client\client.h(225,37): error C1003: 오류 수가 100개를 초과했습니다. 컴파일을 중지합니다.
  (소스 파일 'client.c'을(를) 컴파일하는 중)
  
  main.c
C:\Users\seung\Workspace\Pisces\Pisces.Common\network.h(53,5): error C2061: 구문 오류: 식별자 'SOCKET'
  (소스 파일 'main.c'을(를) 컴파일하는 중)
  
C:\Users\seung\Workspace\Pisces\Pisces.Common\network.h(58,24): error C2079: 'local_addr'은(는) 정의되지 않은 struct 'sockaddr_in'을(를) 사용합니다.
  (소스 파일 'main.c'을(를) 컴파일하는 중)
  
C:\Users\seung\Workspace\Pisces\Pisces.Common\network.h(59,24): error C2079: 'remote_addr'은(는) 정의되지 않은 struct 'sockaddr_in'을(를) 사용합니다.
  (소스 파일 'main.c'을(를) 컴파일하는 중)
  
C:\Users\seung\Workspace\Pisces\Pisces.Common\network.h(76,1): error C2059: 구문 오류: '}'
  (소스 파일 'main.c'을(를) 컴파일하는 중)
  
C:\Users\seung\Workspace\Pisces\Pisces.Common\network.h(108,17): error C2143: 구문 오류: '{'이(가) '*' 앞에 없습니다.
  (소스 파일 'main.c'을(를) 컴파일하는 중)
  
C:\Users\seung\Workspace\Pisces\Pisces.Common\network.h(114,45): error C2143: 구문 오류: ')'이(가) '*' 앞에 없습니다.
  (소스 파일 'main.c'을(를) 컴파일하는 중)
  
C:\Users\seung\Workspace\Pisces\Pisces.Common\network.h(114,45): error C2143: 구문 오류: '{'이(가) '*' 앞에 없습니다.
  (소스 파일 'main.c'을(를) 컴파일하는 중)
  
C:\Users\seung\Workspace\Pisces\Pisces.Common\network.h(114,51): error C2059: 구문 오류: ')'
  (소스 파일 'main.c'을(를) 컴파일하는 중)
  
C:\Users\seung\Workspace\Pisces\Pisces.Common\network.h(121,65): error C2143: 구문 오류: ')'이(가) '*' 앞에 없습니다.
  (소스 파일 'main.c'을(를) 컴파일하는 중)
  
C:\Users\seung\Workspace\Pisces\Pisces.Common\network.h(121,65): error C2143: 구문 오류: '{'이(가) '*' 앞에 없습니다.
  (소스 파일 'main.c'을(를) 컴파일하는 중)
  
C:\Users\seung\Workspace\Pisces\Pisces.Common\network.h(121,71): error C2059: 구문 오류: ')'
  (소스 파일 'main.c'을(를) 컴파일하는 중)
  
C:\Users\seung\Workspace\Pisces\Pisces.Common\network.h(129,64): error C2143: 구문 오류: ')'이(가) '*' 앞에 없습니다.
  (소스 파일 'main.c'을(를) 컴파일하는 중)
  
C:\Users\seung\Workspace\Pisces\Pisces.Common\network.h(129,64): error C2143: 구문 오류: '{'이(가) '*' 앞에 없습니다.
  (소스 파일 'main.c'을(를) 컴파일하는 중)
  
C:\Users\seung\Workspace\Pisces\Pisces.Common\network.h(129,72): error C2059: 구문 오류: '형식'
  (소스 파일 'main.c'을(를) 컴파일하는 중)
  
C:\Users\seung\Workspace\Pisces\Pisces.Common\network.h(129,82): error C2059: 구문 오류: ')'
  (소스 파일 'main.c'을(를) 컴파일하는 중)
  
C:\Users\seung\Workspace\Pisces\Pisces.Common\network.h(137,61): error C2143: 구문 오류: ')'이(가) '*' 앞에 없습니다.
  (소스 파일 'main.c'을(를) 컴파일하는 중)
  
C:\Users\seung\Workspace\Pisces\Pisces.Common\network.h(137,61): error C2143: 구문 오류: '{'이(가) '*' 앞에 없습니다.
  (소스 파일 'main.c'을(를) 컴파일하는 중)
  
C:\Users\seung\Workspace\Pisces\Pisces.Common\network.h(137,69): error C2059: 구문 오류: '형식'
  (소스 파일 'main.c'을(를) 컴파일하는 중)
  
C:\Users\seung\Workspace\Pisces\Pisces.Common\network.h(137,83): error C2059: 구문 오류: ')'
  (소스 파일 'main.c'을(를) 컴파일하는 중)
  
C:\Users\seung\Workspace\Pisces\Pisces.Common\network.h(150,54): error C2143: 구문 오류: ')'이(가) '*' 앞에 없습니다.
  (소스 파일 'main.c'을(를) 컴파일하는 중)
  
C:\Users\seung\Workspace\Pisces\Pisces.Common\network.h(150,54): error C2143: 구문 오류: '{'이(가) '*' 앞에 없습니다.
  (소스 파일 'main.c'을(를) 컴파일하는 중)
  
C:\Users\seung\Workspace\Pisces\Pisces.Common\network.h(150,62): error C2371: 'uint16_t': 재정의. 기본 형식이 다릅니다.
  (소스 파일 'main.c'을(를) 컴파일하는 중)
      C:\Program Files\Microsoft Visual Studio\2022\Community\VC\Tools\MSVC\14.44.35207\include\stdint.h(23,28):
      'uint16_t' 선언을 참조하십시오.
  
C:\Users\seung\Workspace\Pisces\Pisces.Common\network.h(150,71): error C2146: 구문 오류: ';'이(가) 'port' 식별자 앞에 없습니다.
  (소스 파일 'main.c'을(를) 컴파일하는 중)
  
C:\Users\seung\Workspace\Pisces\Pisces.Common\network.h(150,83): error C2059: 구문 오류: '형식'
  (소스 파일 'main.c'을(를) 컴파일하는 중)
  
C:\Users\seung\Workspace\Pisces\Pisces.Common\network.h(150,101): error C2059: 구문 오류: ')'
  (소스 파일 'main.c'을(를) 컴파일하는 중)
  
C:\Users\seung\Workspace\Pisces\Pisces.Common\network.h(158,56): error C2143: 구문 오류: ')'이(가) '*' 앞에 없습니다.
  (소스 파일 'main.c'을(를) 컴파일하는 중)
  
C:\Users\seung\Workspace\Pisces\Pisces.Common\network.h(158,56): error C2143: 구문 오류: '{'이(가) '*' 앞에 없습니다.
  (소스 파일 'main.c'을(를) 컴파일하는 중)
  
C:\Users\seung\Workspace\Pisces\Pisces.Common\network.h(158,64): error C2059: 구문 오류: '형식'
  (소스 파일 'main.c'을(를) 컴파일하는 중)
  
C:\Users\seung\Workspace\Pisces\Pisces.Common\network.h(158,75): error C2059: 구문 오류: ')'
  (소스 파일 'main.c'을(를) 컴파일하는 중)
  
C:\Users\seung\Workspace\Pisces\Pisces.Common\network.h(165,17): error C2143: 구문 오류: '{'이(가) '*' 앞에 없습니다.
  (소스 파일 'main.c'을(를) 컴파일하는 중)
  
C:\Users\seung\Workspace\Pisces\Pisces.Common\network.h(165,57): error C2143: 구문 오류: ')'이(가) '*' 앞에 없습니다.
  (소스 파일 'main.c'을(를) 컴파일하는 중)
  
C:\Users\seung\Workspace\Pisces\Pisces.Common\network.h(165,57): error C2143: 구문 오류: '{'이(가) '*' 앞에 없습니다.
  (소스 파일 'main.c'을(를) 컴파일하는 중)
  
C:\Users\seung\Workspace\Pisces\Pisces.Common\network.h(165,70): error C2059: 구문 오류: ')'
  (소스 파일 'main.c'을(를) 컴파일하는 중)
  
C:\Users\seung\Workspace\Pisces\Pisces.Common\network.h(178,57): error C2143: 구문 오류: ')'이(가) '*' 앞에 없습니다.
  (소스 파일 'main.c'을(를) 컴파일하는 중)
  
C:\Users\seung\Workspace\Pisces\Pisces.Common\network.h(178,57): error C2143: 구문 오류: '{'이(가) '*' 앞에 없습니다.
  (소스 파일 'main.c'을(를) 컴파일하는 중)
  
C:\Users\seung\Workspace\Pisces\Pisces.Common\network.h(178,71): error C2059: 구문 오류: '형식'
  (소스 파일 'main.c'을(를) 컴파일하는 중)
  
C:\Users\seung\Workspace\Pisces\Pisces.Common\network.h(178,100): error C2059: 구문 오류: ')'
  (소스 파일 'main.c'을(를) 컴파일하는 중)
  
C:\Users\seung\Workspace\Pisces\Pisces.Common\network.h(185,63): error C2143: 구문 오류: ')'이(가) '*' 앞에 없습니다.
  (소스 파일 'main.c'을(를) 컴파일하는 중)
  
C:\Users\seung\Workspace\Pisces\Pisces.Common\network.h(185,63): error C2143: 구문 오류: '{'이(가) '*' 앞에 없습니다.
  (소스 파일 'main.c'을(를) 컴파일하는 중)
  
C:\Users\seung\Workspace\Pisces\Pisces.Common\network.h(185,69): error C2059: 구문 오류: ')'
  (소스 파일 'main.c'을(를) 컴파일하는 중)
  
C:\Users\seung\Workspace\Pisces\Pisces.Common\network.h(199,54): error C2143: 구문 오류: ')'이(가) '*' 앞에 없습니다.
  (소스 파일 'main.c'을(를) 컴파일하는 중)
  
C:\Users\seung\Workspace\Pisces\Pisces.Common\network.h(199,54): error C2143: 구문 오류: '{'이(가) '*' 앞에 없습니다.
  (소스 파일 'main.c'을(를) 컴파일하는 중)
  
C:\Users\seung\Workspace\Pisces\Pisces.Common\network.h(199,68): error C2059: 구문 오류: '형식'
  (소스 파일 'main.c'을(를) 컴파일하는 중)
  
C:\Users\seung\Workspace\Pisces\Pisces.Common\network.h(200,32): error C2059: 구문 오류: ')'
  (소스 파일 'main.c'을(를) 컴파일하는 중)
  
C:\Users\seung\Workspace\Pisces\Pisces.Common\network.h(210,54): error C2143: 구문 오류: ')'이(가) '*' 앞에 없습니다.
  (소스 파일 'main.c'을(를) 컴파일하는 중)
  
C:\Users\seung\Workspace\Pisces\Pisces.Common\network.h(210,54): error C2143: 구문 오류: '{'이(가) '*' 앞에 없습니다.
  (소스 파일 'main.c'을(를) 컴파일하는 중)
  
C:\Users\seung\Workspace\Pisces\Pisces.Common\network.h(210,62): error C2059: 구문 오류: '형식'
  (소스 파일 'main.c'을(를) 컴파일하는 중)
  
C:\Users\seung\Workspace\Pisces\Pisces.Common\network.h(211,41): error C2059: 구문 오류: ')'
  (소스 파일 'main.c'을(를) 컴파일하는 중)
  
C:\Users\seung\Workspace\Pisces\Pisces.Common\network.h(220,58): error C2143: 구문 오류: ')'이(가) '*' 앞에 없습니다.
  (소스 파일 'main.c'을(를) 컴파일하는 중)
  
C:\Users\seung\Workspace\Pisces\Pisces.Common\network.h(220,58): error C2143: 구문 오류: '{'이(가) '*' 앞에 없습니다.
  (소스 파일 'main.c'을(를) 컴파일하는 중)
  
C:\Users\seung\Workspace\Pisces\Pisces.Common\network.h(220,72): error C2059: 구문 오류: '형식'
  (소스 파일 'main.c'을(를) 컴파일하는 중)
  
C:\Users\seung\Workspace\Pisces\Pisces.Common\network.h(220,94): error C2059: 구문 오류: ')'
  (소스 파일 'main.c'을(를) 컴파일하는 중)
  
C:\Users\seung\Workspace\Pisces\Pisces.Common\network.h(229,58): error C2143: 구문 오류: ')'이(가) '*' 앞에 없습니다.
  (소스 파일 'main.c'을(를) 컴파일하는 중)
  
C:\Users\seung\Workspace\Pisces\Pisces.Common\network.h(229,58): error C2143: 구문 오류: '{'이(가) '*' 앞에 없습니다.
  (소스 파일 'main.c'을(를) 컴파일하는 중)
  
C:\Users\seung\Workspace\Pisces\Pisces.Common\network.h(229,66): error C2059: 구문 오류: '형식'
  (소스 파일 'main.c'을(를) 컴파일하는 중)
  
C:\Users\seung\Workspace\Pisces\Pisces.Common\network.h(229,90): error C2059: 구문 오류: ')'
  (소스 파일 'main.c'을(를) 컴파일하는 중)
  
C:\Users\seung\Workspace\Pisces\Pisces.Common\network.h(241,62): error C2143: 구문 오류: ')'이(가) '*' 앞에 없습니다.
  (소스 파일 'main.c'을(를) 컴파일하는 중)
  
C:\Users\seung\Workspace\Pisces\Pisces.Common\network.h(241,62): error C2143: 구문 오류: '{'이(가) '*' 앞에 없습니다.
  (소스 파일 'main.c'을(를) 컴파일하는 중)
  
C:\Users\seung\Workspace\Pisces\Pisces.Common\network.h(241,76): error C2371: 'message_t': 재정의. 기본 형식이 다릅니다.
  (소스 파일 'main.c'을(를) 컴파일하는 중)
      C:\Users\seung\Workspace\Pisces\Pisces.Common\message.h(24,3):
      'message_t' 선언을 참조하십시오.
  
C:\Users\seung\Workspace\Pisces\Pisces.Common\network.h(241,70): warning C4228: 비표준 확장이 사용됨: 선언자 목록에서 쉼표 뒤의 한정자가 무시됩니다.
  (소스 파일 'main.c'을(를) 컴파일하는 중)
  
C:\Users\seung\Workspace\Pisces\Pisces.Common\network.h(241,85): error C2143: 구문 오류: ';'이(가) '*' 앞에 없습니다.
  (소스 파일 'main.c'을(를) 컴파일하는 중)
  
C:\Users\seung\Workspace\Pisces\Pisces.Common\network.h(241,90): error C2059: 구문 오류: ')'
  (소스 파일 'main.c'을(를) 컴파일하는 중)
  
C:\Users\seung\Workspace\Pisces\Pisces.Common\network.h(248,56): error C2143: 구문 오류: ')'이(가) '*' 앞에 없습니다.
  (소스 파일 'main.c'을(를) 컴파일하는 중)
  
C:\Users\seung\Workspace\Pisces\Pisces.Common\network.h(248,56): error C2143: 구문 오류: '{'이(가) '*' 앞에 없습니다.
  (소스 파일 'main.c'을(를) 컴파일하는 중)
  
C:\Users\seung\Workspace\Pisces\Pisces.Common\network.h(248,62): error C2059: 구문 오류: ')'
  (소스 파일 'main.c'을(를) 컴파일하는 중)
  
C:\Users\seung\Workspace\Pisces\Pisces.Common\network.h(259,55): error C2143: 구문 오류: ')'이(가) '*' 앞에 없습니다.
  (소스 파일 'main.c'을(를) 컴파일하는 중)
  
C:\Users\seung\Workspace\Pisces\Pisces.Common\network.h(259,55): error C2143: 구문 오류: '{'이(가) '*' 앞에 없습니다.
  (소스 파일 'main.c'을(를) 컴파일하는 중)
  
C:\Users\seung\Workspace\Pisces\Pisces.Common\network.h(259,61): error C2059: 구문 오류: ')'
  (소스 파일 'main.c'을(를) 컴파일하는 중)
  
C:\Users\seung\Workspace\Pisces\Pisces.Common\network.h(266,55): error C2143: 구문 오류: ')'이(가) '*' 앞에 없습니다.
  (소스 파일 'main.c'을(를) 컴파일하는 중)
  
C:\Users\seung\Workspace\Pisces\Pisces.Common\network.h(266,55): error C2143: 구문 오류: '{'이(가) '*' 앞에 없습니다.
  (소스 파일 'main.c'을(를) 컴파일하는 중)
  
C:\Users\seung\Workspace\Pisces\Pisces.Common\network.h(266,61): error C2059: 구문 오류: ')'
  (소스 파일 'main.c'을(를) 컴파일하는 중)
  
C:\Users\seung\Workspace\Pisces\Pisces.Common\network.h(274,45): error C2143: 구문 오류: ')'이(가) '*' 앞에 없습니다.
  (소스 파일 'main.c'을(를) 컴파일하는 중)
  
C:\Users\seung\Workspace\Pisces\Pisces.Common\network.h(274,45): error C2143: 구문 오류: '{'이(가) '*' 앞에 없습니다.
  (소스 파일 'main.c'을(를) 컴파일하는 중)
  
C:\Users\seung\Workspace\Pisces\Pisces.Common\network.h(274,53): error C2059: 구문 오류: '형식'
  (소스 파일 'main.c'을(를) 컴파일하는 중)
  
C:\Users\seung\Workspace\Pisces\Pisces.Common\network.h(274,67): error C2059: 구문 오류: ')'
  (소스 파일 'main.c'을(를) 컴파일하는 중)
  
C:\Users\seung\Workspace\Pisces\Pisces.Common\network.h(282,46): error C2143: 구문 오류: ')'이(가) '*' 앞에 없습니다.
  (소스 파일 'main.c'을(를) 컴파일하는 중)
  
C:\Users\seung\Workspace\Pisces\Pisces.Common\network.h(282,46): error C2143: 구문 오류: '{'이(가) '*' 앞에 없습니다.
  (소스 파일 'main.c'을(를) 컴파일하는 중)
  
C:\Users\seung\Workspace\Pisces\Pisces.Common\network.h(282,54): error C2059: 구문 오류: '형식'
  (소스 파일 'main.c'을(를) 컴파일하는 중)
  
C:\Users\seung\Workspace\Pisces\Pisces.Common\network.h(282,68): error C2059: 구문 오류: ')'
  (소스 파일 'main.c'을(를) 컴파일하는 중)
  
C:\Users\seung\Workspace\Pisces\Pisces.Common\network.h(324,55): error C2143: 구문 오류: ')'이(가) '*' 앞에 없습니다.
  (소스 파일 'main.c'을(를) 컴파일하는 중)
  
C:\Users\seung\Workspace\Pisces\Pisces.Common\network.h(324,55): error C2143: 구문 오류: '{'이(가) '*' 앞에 없습니다.
  (소스 파일 'main.c'을(를) 컴파일하는 중)
  
C:\Users\seung\Workspace\Pisces\Pisces.Common\network.h(324,61): error C2059: 구문 오류: ')'
  (소스 파일 'main.c'을(를) 컴파일하는 중)
  
C:\Users\seung\Workspace\Pisces\Pisces.Common\utils.h(196,41): error C2146: 구문 오류: ')'이(가) 'error_code' 식별자 앞에 없습니다.
  (소스 파일 'main.c'을(를) 컴파일하는 중)
  
C:\Users\seung\Workspace\Pisces\Pisces.Common\utils.h(196,41): error C2061: 구문 오류: 식별자 'error_code'
  (소스 파일 'main.c'을(를) 컴파일하는 중)
  
C:\Users\seung\Workspace\Pisces\Pisces.Common\utils.h(196,41): error C2059: 구문 오류: ';'
  (소스 파일 'main.c'을(를) 컴파일하는 중)
  
C:\Users\seung\Workspace\Pisces\Pisces.Common\utils.h(196,51): error C2059: 구문 오류: ','
  (소스 파일 'main.c'을(를) 컴파일하는 중)
  
C:\Users\seung\Workspace\Pisces\Pisces.Common\utils.h(196,85): error C2059: 구문 오류: ')'
  (소스 파일 'main.c'을(를) 컴파일하는 중)
  
C:\Users\seung\Workspace\Pisces\Pisces.Client\client.h(164,5): error C2061: 구문 오류: 식별자 'network_socket_t'
  (소스 파일 'main.c'을(를) 컴파일하는 중)
  
C:\Users\seung\Workspace\Pisces\Pisces.Client\client.h(187,1): error C2059: 구문 오류: '}'
  (소스 파일 'main.c'을(를) 컴파일하는 중)
  
C:\Users\seung\Workspace\Pisces\Pisces.Client\client.h(198,14): error C2143: 구문 오류: '{'이(가) '*' 앞에 없습니다.
  (소스 파일 'main.c'을(를) 컴파일하는 중)
  
C:\Users\seung\Workspace\Pisces\Pisces.Client\client.h(204,34): error C2143: 구문 오류: ')'이(가) '*' 앞에 없습니다.
  (소스 파일 'main.c'을(를) 컴파일하는 중)
  
C:\Users\seung\Workspace\Pisces\Pisces.Client\client.h(204,34): error C2143: 구문 오류: '{'이(가) '*' 앞에 없습니다.
  (소스 파일 'main.c'을(를) 컴파일하는 중)
  
C:\Users\seung\Workspace\Pisces\Pisces.Client\client.h(204,42): error C2059: 구문 오류: ')'
  (소스 파일 'main.c'을(를) 컴파일하는 중)
  
C:\Users\seung\Workspace\Pisces\Pisces.Client\client.h(211,31): error C2143: 구문 오류: ')'이(가) '*' 앞에 없습니다.
  (소스 파일 'main.c'을(를) 컴파일하는 중)
  
C:\Users\seung\Workspace\Pisces\Pisces.Client\client.h(211,31): error C2143: 구문 오류: '{'이(가) '*' 앞에 없습니다.
  (소스 파일 'main.c'을(를) 컴파일하는 중)
  
C:\Users\seung\Workspace\Pisces\Pisces.Client\client.h(211,39): error C2059: 구문 오류: ')'
  (소스 파일 'main.c'을(를) 컴파일하는 중)
  
C:\Users\seung\Workspace\Pisces\Pisces.Client\client.h(218,34): error C2143: 구문 오류: ')'이(가) '*' 앞에 없습니다.
  (소스 파일 'main.c'을(를) 컴파일하는 중)
  
C:\Users\seung\Workspace\Pisces\Pisces.Client\client.h(218,34): error C2143: 구문 오류: '{'이(가) '*' 앞에 없습니다.
  (소스 파일 'main.c'을(를) 컴파일하는 중)
  
C:\Users\seung\Workspace\Pisces\Pisces.Client\client.h(218,42): error C2059: 구문 오류: ')'
  (소스 파일 'main.c'을(를) 컴파일하는 중)
  
C:\Users\seung\Workspace\Pisces\Pisces.Client\client.h(225,29): error C2143: 구문 오류: ')'이(가) '*' 앞에 없습니다.
  (소스 파일 'main.c'을(를) 컴파일하는 중)
  
C:\Users\seung\Workspace\Pisces\Pisces.Client\client.h(225,29): error C2143: 구문 오류: '{'이(가) '*' 앞에 없습니다.
  (소스 파일 'main.c'을(를) 컴파일하는 중)
  
C:\Users\seung\Workspace\Pisces\Pisces.Client\client.h(225,37): error C2059: 구문 오류: ')'
  (소스 파일 'main.c'을(를) 컴파일하는 중)
  
C:\Users\seung\Workspace\Pisces\Pisces.Client\client.h(225,37): error C1003: 오류 수가 100개를 초과했습니다. 컴파일을 중지합니다.
  (소스 파일 'main.c'을(를) 컴파일하는 중)
  
  network_thread.c
C:\Users\seung\Workspace\Pisces\Pisces.Common\network.h(53,5): error C2061: 구문 오류: 식별자 'SOCKET'
  (소스 파일 'network_thread.c'을(를) 컴파일하는 중)
  
C:\Users\seung\Workspace\Pisces\Pisces.Common\network.h(58,24): error C2079: 'local_addr'은(는) 정의되지 않은 struct 'sockaddr_in'을(를) 사용합니다.
  (소스 파일 'network_thread.c'을(를) 컴파일하는 중)
  
C:\Users\seung\Workspace\Pisces\Pisces.Common\network.h(59,24): error C2079: 'remote_addr'은(는) 정의되지 않은 struct 'sockaddr_in'을(를) 사용합니다.
  (소스 파일 'network_thread.c'을(를) 컴파일하는 중)
  
C:\Users\seung\Workspace\Pisces\Pisces.Common\network.h(76,1): error C2059: 구문 오류: '}'
  (소스 파일 'network_thread.c'을(를) 컴파일하는 중)
  
C:\Users\seung\Workspace\Pisces\Pisces.Common\network.h(108,17): error C2143: 구문 오류: '{'이(가) '*' 앞에 없습니다.
  (소스 파일 'network_thread.c'을(를) 컴파일하는 중)
  
C:\Users\seung\Workspace\Pisces\Pisces.Common\network.h(114,45): error C2143: 구문 오류: ')'이(가) '*' 앞에 없습니다.
  (소스 파일 'network_thread.c'을(를) 컴파일하는 중)
  
C:\Users\seung\Workspace\Pisces\Pisces.Common\network.h(114,45): error C2143: 구문 오류: '{'이(가) '*' 앞에 없습니다.
  (소스 파일 'network_thread.c'을(를) 컴파일하는 중)
  
C:\Users\seung\Workspace\Pisces\Pisces.Common\network.h(114,51): error C2059: 구문 오류: ')'
  (소스 파일 'network_thread.c'을(를) 컴파일하는 중)
  
C:\Users\seung\Workspace\Pisces\Pisces.Common\network.h(121,65): error C2143: 구문 오류: ')'이(가) '*' 앞에 없습니다.
  (소스 파일 'network_thread.c'을(를) 컴파일하는 중)
  
C:\Users\seung\Workspace\Pisces\Pisces.Common\network.h(121,65): error C2143: 구문 오류: '{'이(가) '*' 앞에 없습니다.
  (소스 파일 'network_thread.c'을(를) 컴파일하는 중)
  
C:\Users\seung\Workspace\Pisces\Pisces.Common\network.h(121,71): error C2059: 구문 오류: ')'
  (소스 파일 'network_thread.c'을(를) 컴파일하는 중)
  
C:\Users\seung\Workspace\Pisces\Pisces.Common\network.h(129,64): error C2143: 구문 오류: ')'이(가) '*' 앞에 없습니다.
  (소스 파일 'network_thread.c'을(를) 컴파일하는 중)
  
C:\Users\seung\Workspace\Pisces\Pisces.Common\network.h(129,64): error C2143: 구문 오류: '{'이(가) '*' 앞에 없습니다.
  (소스 파일 'network_thread.c'을(를) 컴파일하는 중)
  
C:\Users\seung\Workspace\Pisces\Pisces.Common\network.h(129,72): error C2059: 구문 오류: '형식'
  (소스 파일 'network_thread.c'을(를) 컴파일하는 중)
  
C:\Users\seung\Workspace\Pisces\Pisces.Common\network.h(129,82): error C2059: 구문 오류: ')'
  (소스 파일 'network_thread.c'을(를) 컴파일하는 중)
  
C:\Users\seung\Workspace\Pisces\Pisces.Common\network.h(137,61): error C2143: 구문 오류: ')'이(가) '*' 앞에 없습니다.
  (소스 파일 'network_thread.c'을(를) 컴파일하는 중)
  
C:\Users\seung\Workspace\Pisces\Pisces.Common\network.h(137,61): error C2143: 구문 오류: '{'이(가) '*' 앞에 없습니다.
  (소스 파일 'network_thread.c'을(를) 컴파일하는 중)
  
C:\Users\seung\Workspace\Pisces\Pisces.Common\network.h(137,69): error C2059: 구문 오류: '형식'
  (소스 파일 'network_thread.c'을(를) 컴파일하는 중)
  
C:\Users\seung\Workspace\Pisces\Pisces.Common\network.h(137,83): error C2059: 구문 오류: ')'
  (소스 파일 'network_thread.c'을(를) 컴파일하는 중)
  
C:\Users\seung\Workspace\Pisces\Pisces.Common\network.h(150,54): error C2143: 구문 오류: ')'이(가) '*' 앞에 없습니다.
  (소스 파일 'network_thread.c'을(를) 컴파일하는 중)
  
C:\Users\seung\Workspace\Pisces\Pisces.Common\network.h(150,54): error C2143: 구문 오류: '{'이(가) '*' 앞에 없습니다.
  (소스 파일 'network_thread.c'을(를) 컴파일하는 중)
  
C:\Users\seung\Workspace\Pisces\Pisces.Common\network.h(150,62): error C2371: 'uint16_t': 재정의. 기본 형식이 다릅니다.
  (소스 파일 'network_thread.c'을(를) 컴파일하는 중)
      C:\Program Files\Microsoft Visual Studio\2022\Community\VC\Tools\MSVC\14.44.35207\include\stdint.h(23,28):
      'uint16_t' 선언을 참조하십시오.
  
C:\Users\seung\Workspace\Pisces\Pisces.Common\network.h(150,71): error C2146: 구문 오류: ';'이(가) 'port' 식별자 앞에 없습니다.
  (소스 파일 'network_thread.c'을(를) 컴파일하는 중)
  
C:\Users\seung\Workspace\Pisces\Pisces.Common\network.h(150,83): error C2059: 구문 오류: '형식'
  (소스 파일 'network_thread.c'을(를) 컴파일하는 중)
  
C:\Users\seung\Workspace\Pisces\Pisces.Common\network.h(150,101): error C2059: 구문 오류: ')'
  (소스 파일 'network_thread.c'을(를) 컴파일하는 중)
  
C:\Users\seung\Workspace\Pisces\Pisces.Common\network.h(158,56): error C2143: 구문 오류: ')'이(가) '*' 앞에 없습니다.
  (소스 파일 'network_thread.c'을(를) 컴파일하는 중)
  
C:\Users\seung\Workspace\Pisces\Pisces.Common\network.h(158,56): error C2143: 구문 오류: '{'이(가) '*' 앞에 없습니다.
  (소스 파일 'network_thread.c'을(를) 컴파일하는 중)
  
C:\Users\seung\Workspace\Pisces\Pisces.Common\network.h(158,64): error C2059: 구문 오류: '형식'
  (소스 파일 'network_thread.c'을(를) 컴파일하는 중)
  
C:\Users\seung\Workspace\Pisces\Pisces.Common\network.h(158,75): error C2059: 구문 오류: ')'
  (소스 파일 'network_thread.c'을(를) 컴파일하는 중)
  
C:\Users\seung\Workspace\Pisces\Pisces.Common\network.h(165,17): error C2143: 구문 오류: '{'이(가) '*' 앞에 없습니다.
  (소스 파일 'network_thread.c'을(를) 컴파일하는 중)
  
C:\Users\seung\Workspace\Pisces\Pisces.Common\network.h(165,57): error C2143: 구문 오류: ')'이(가) '*' 앞에 없습니다.
  (소스 파일 'network_thread.c'을(를) 컴파일하는 중)
  
C:\Users\seung\Workspace\Pisces\Pisces.Common\network.h(165,57): error C2143: 구문 오류: '{'이(가) '*' 앞에 없습니다.
  (소스 파일 'network_thread.c'을(를) 컴파일하는 중)
  
C:\Users\seung\Workspace\Pisces\Pisces.Common\network.h(165,70): error C2059: 구문 오류: ')'
  (소스 파일 'network_thread.c'을(를) 컴파일하는 중)
  
C:\Users\seung\Workspace\Pisces\Pisces.Common\network.h(178,57): error C2143: 구문 오류: ')'이(가) '*' 앞에 없습니다.
  (소스 파일 'network_thread.c'을(를) 컴파일하는 중)
  
C:\Users\seung\Workspace\Pisces\Pisces.Common\network.h(178,57): error C2143: 구문 오류: '{'이(가) '*' 앞에 없습니다.
  (소스 파일 'network_thread.c'을(를) 컴파일하는 중)
  
C:\Users\seung\Workspace\Pisces\Pisces.Common\network.h(178,71): error C2059: 구문 오류: '형식'
  (소스 파일 'network_thread.c'을(를) 컴파일하는 중)
  
C:\Users\seung\Workspace\Pisces\Pisces.Common\network.h(178,100): error C2059: 구문 오류: ')'
  (소스 파일 'network_thread.c'을(를) 컴파일하는 중)
  
C:\Users\seung\Workspace\Pisces\Pisces.Common\network.h(185,63): error C2143: 구문 오류: ')'이(가) '*' 앞에 없습니다.
  (소스 파일 'network_thread.c'을(를) 컴파일하는 중)
  
C:\Users\seung\Workspace\Pisces\Pisces.Common\network.h(185,63): error C2143: 구문 오류: '{'이(가) '*' 앞에 없습니다.
  (소스 파일 'network_thread.c'을(를) 컴파일하는 중)
  
C:\Users\seung\Workspace\Pisces\Pisces.Common\network.h(185,69): error C2059: 구문 오류: ')'
  (소스 파일 'network_thread.c'을(를) 컴파일하는 중)
  
C:\Users\seung\Workspace\Pisces\Pisces.Common\network.h(199,54): error C2143: 구문 오류: ')'이(가) '*' 앞에 없습니다.
  (소스 파일 'network_thread.c'을(를) 컴파일하는 중)
  
C:\Users\seung\Workspace\Pisces\Pisces.Common\network.h(199,54): error C2143: 구문 오류: '{'이(가) '*' 앞에 없습니다.
  (소스 파일 'network_thread.c'을(를) 컴파일하는 중)
  
C:\Users\seung\Workspace\Pisces\Pisces.Common\network.h(199,68): error C2059: 구문 오류: '형식'
  (소스 파일 'network_thread.c'을(를) 컴파일하는 중)
  
C:\Users\seung\Workspace\Pisces\Pisces.Common\network.h(200,32): error C2059: 구문 오류: ')'
  (소스 파일 'network_thread.c'을(를) 컴파일하는 중)
  
C:\Users\seung\Workspace\Pisces\Pisces.Common\network.h(210,54): error C2143: 구문 오류: ')'이(가) '*' 앞에 없습니다.
  (소스 파일 'network_thread.c'을(를) 컴파일하는 중)
  
C:\Users\seung\Workspace\Pisces\Pisces.Common\network.h(210,54): error C2143: 구문 오류: '{'이(가) '*' 앞에 없습니다.
  (소스 파일 'network_thread.c'을(를) 컴파일하는 중)
  
C:\Users\seung\Workspace\Pisces\Pisces.Common\network.h(210,62): error C2059: 구문 오류: '형식'
  (소스 파일 'network_thread.c'을(를) 컴파일하는 중)
  
C:\Users\seung\Workspace\Pisces\Pisces.Common\network.h(211,41): error C2059: 구문 오류: ')'
  (소스 파일 'network_thread.c'을(를) 컴파일하는 중)
  
C:\Users\seung\Workspace\Pisces\Pisces.Common\network.h(220,58): error C2143: 구문 오류: ')'이(가) '*' 앞에 없습니다.
  (소스 파일 'network_thread.c'을(를) 컴파일하는 중)
  
C:\Users\seung\Workspace\Pisces\Pisces.Common\network.h(220,58): error C2143: 구문 오류: '{'이(가) '*' 앞에 없습니다.
  (소스 파일 'network_thread.c'을(를) 컴파일하는 중)
  
C:\Users\seung\Workspace\Pisces\Pisces.Common\network.h(220,72): error C2059: 구문 오류: '형식'
  (소스 파일 'network_thread.c'을(를) 컴파일하는 중)
  
C:\Users\seung\Workspace\Pisces\Pisces.Common\network.h(220,94): error C2059: 구문 오류: ')'
  (소스 파일 'network_thread.c'을(를) 컴파일하는 중)
  
C:\Users\seung\Workspace\Pisces\Pisces.Common\network.h(229,58): error C2143: 구문 오류: ')'이(가) '*' 앞에 없습니다.
  (소스 파일 'network_thread.c'을(를) 컴파일하는 중)
  
C:\Users\seung\Workspace\Pisces\Pisces.Common\network.h(229,58): error C2143: 구문 오류: '{'이(가) '*' 앞에 없습니다.
  (소스 파일 'network_thread.c'을(를) 컴파일하는 중)
  
C:\Users\seung\Workspace\Pisces\Pisces.Common\network.h(229,66): error C2059: 구문 오류: '형식'
  (소스 파일 'network_thread.c'을(를) 컴파일하는 중)
  
C:\Users\seung\Workspace\Pisces\Pisces.Common\network.h(229,90): error C2059: 구문 오류: ')'
  (소스 파일 'network_thread.c'을(를) 컴파일하는 중)
  
C:\Users\seung\Workspace\Pisces\Pisces.Common\network.h(241,62): error C2143: 구문 오류: ')'이(가) '*' 앞에 없습니다.
  (소스 파일 'network_thread.c'을(를) 컴파일하는 중)
  
C:\Users\seung\Workspace\Pisces\Pisces.Common\network.h(241,62): error C2143: 구문 오류: '{'이(가) '*' 앞에 없습니다.
  (소스 파일 'network_thread.c'을(를) 컴파일하는 중)
  
C:\Users\seung\Workspace\Pisces\Pisces.Common\network.h(241,76): error C2371: 'message_t': 재정의. 기본 형식이 다릅니다.
  (소스 파일 'network_thread.c'을(를) 컴파일하는 중)
      C:\Users\seung\Workspace\Pisces\Pisces.Common\message.h(24,3):
      'message_t' 선언을 참조하십시오.
  
C:\Users\seung\Workspace\Pisces\Pisces.Common\network.h(241,70): warning C4228: 비표준 확장이 사용됨: 선언자 목록에서 쉼표 뒤의 한정자가 무시됩니다.
  (소스 파일 'network_thread.c'을(를) 컴파일하는 중)
  
C:\Users\seung\Workspace\Pisces\Pisces.Common\network.h(241,85): error C2143: 구문 오류: ';'이(가) '*' 앞에 없습니다.
  (소스 파일 'network_thread.c'을(를) 컴파일하는 중)
  
C:\Users\seung\Workspace\Pisces\Pisces.Common\network.h(241,90): error C2059: 구문 오류: ')'
  (소스 파일 'network_thread.c'을(를) 컴파일하는 중)
  
C:\Users\seung\Workspace\Pisces\Pisces.Common\network.h(248,56): error C2143: 구문 오류: ')'이(가) '*' 앞에 없습니다.
  (소스 파일 'network_thread.c'을(를) 컴파일하는 중)
  
C:\Users\seung\Workspace\Pisces\Pisces.Common\network.h(248,56): error C2143: 구문 오류: '{'이(가) '*' 앞에 없습니다.
  (소스 파일 'network_thread.c'을(를) 컴파일하는 중)
  
C:\Users\seung\Workspace\Pisces\Pisces.Common\network.h(248,62): error C2059: 구문 오류: ')'
  (소스 파일 'network_thread.c'을(를) 컴파일하는 중)
  
C:\Users\seung\Workspace\Pisces\Pisces.Common\network.h(259,55): error C2143: 구문 오류: ')'이(가) '*' 앞에 없습니다.
  (소스 파일 'network_thread.c'을(를) 컴파일하는 중)
  
C:\Users\seung\Workspace\Pisces\Pisces.Common\network.h(259,55): error C2143: 구문 오류: '{'이(가) '*' 앞에 없습니다.
  (소스 파일 'network_thread.c'을(를) 컴파일하는 중)
  
C:\Users\seung\Workspace\Pisces\Pisces.Common\network.h(259,61): error C2059: 구문 오류: ')'
  (소스 파일 'network_thread.c'을(를) 컴파일하는 중)
  
C:\Users\seung\Workspace\Pisces\Pisces.Common\network.h(266,55): error C2143: 구문 오류: ')'이(가) '*' 앞에 없습니다.
  (소스 파일 'network_thread.c'을(를) 컴파일하는 중)
  
C:\Users\seung\Workspace\Pisces\Pisces.Common\network.h(266,55): error C2143: 구문 오류: '{'이(가) '*' 앞에 없습니다.
  (소스 파일 'network_thread.c'을(를) 컴파일하는 중)
  
C:\Users\seung\Workspace\Pisces\Pisces.Common\network.h(266,61): error C2059: 구문 오류: ')'
  (소스 파일 'network_thread.c'을(를) 컴파일하는 중)
  
C:\Users\seung\Workspace\Pisces\Pisces.Common\network.h(274,45): error C2143: 구문 오류: ')'이(가) '*' 앞에 없습니다.
  (소스 파일 'network_thread.c'을(를) 컴파일하는 중)
  
C:\Users\seung\Workspace\Pisces\Pisces.Common\network.h(274,45): error C2143: 구문 오류: '{'이(가) '*' 앞에 없습니다.
  (소스 파일 'network_thread.c'을(를) 컴파일하는 중)
  
C:\Users\seung\Workspace\Pisces\Pisces.Common\network.h(274,53): error C2059: 구문 오류: '형식'
  (소스 파일 'network_thread.c'을(를) 컴파일하는 중)
  
C:\Users\seung\Workspace\Pisces\Pisces.Common\network.h(274,67): error C2059: 구문 오류: ')'
  (소스 파일 'network_thread.c'을(를) 컴파일하는 중)
  
C:\Users\seung\Workspace\Pisces\Pisces.Common\network.h(282,46): error C2143: 구문 오류: ')'이(가) '*' 앞에 없습니다.
  (소스 파일 'network_thread.c'을(를) 컴파일하는 중)
  
C:\Users\seung\Workspace\Pisces\Pisces.Common\network.h(282,46): error C2143: 구문 오류: '{'이(가) '*' 앞에 없습니다.
  (소스 파일 'network_thread.c'을(를) 컴파일하는 중)
  
C:\Users\seung\Workspace\Pisces\Pisces.Common\network.h(282,54): error C2059: 구문 오류: '형식'
  (소스 파일 'network_thread.c'을(를) 컴파일하는 중)
  
C:\Users\seung\Workspace\Pisces\Pisces.Common\network.h(282,68): error C2059: 구문 오류: ')'
  (소스 파일 'network_thread.c'을(를) 컴파일하는 중)
  
C:\Users\seung\Workspace\Pisces\Pisces.Common\network.h(324,55): error C2143: 구문 오류: ')'이(가) '*' 앞에 없습니다.
  (소스 파일 'network_thread.c'을(를) 컴파일하는 중)
  
C:\Users\seung\Workspace\Pisces\Pisces.Common\network.h(324,55): error C2143: 구문 오류: '{'이(가) '*' 앞에 없습니다.
  (소스 파일 'network_thread.c'을(를) 컴파일하는 중)
  
C:\Users\seung\Workspace\Pisces\Pisces.Common\network.h(324,61): error C2059: 구문 오류: ')'
  (소스 파일 'network_thread.c'을(를) 컴파일하는 중)
  
C:\Users\seung\Workspace\Pisces\Pisces.Common\utils.h(196,41): error C2146: 구문 오류: ')'이(가) 'error_code' 식별자 앞에 없습니다.
  (소스 파일 'network_thread.c'을(를) 컴파일하는 중)
  
C:\Users\seung\Workspace\Pisces\Pisces.Common\utils.h(196,41): error C2061: 구문 오류: 식별자 'error_code'
  (소스 파일 'network_thread.c'을(를) 컴파일하는 중)
  
C:\Users\seung\Workspace\Pisces\Pisces.Common\utils.h(196,41): error C2059: 구문 오류: ';'
  (소스 파일 'network_thread.c'을(를) 컴파일하는 중)
  
C:\Users\seung\Workspace\Pisces\Pisces.Common\utils.h(196,51): error C2059: 구문 오류: ','
  (소스 파일 'network_thread.c'을(를) 컴파일하는 중)
  
C:\Users\seung\Workspace\Pisces\Pisces.Common\utils.h(196,85): error C2059: 구문 오류: ')'
  (소스 파일 'network_thread.c'을(를) 컴파일하는 중)
  
C:\Users\seung\Workspace\Pisces\Pisces.Client\client.h(164,5): error C2061: 구문 오류: 식별자 'network_socket_t'
  (소스 파일 'network_thread.c'을(를) 컴파일하는 중)
  
C:\Users\seung\Workspace\Pisces\Pisces.Client\client.h(187,1): error C2059: 구문 오류: '}'
  (소스 파일 'network_thread.c'을(를) 컴파일하는 중)
  
C:\Users\seung\Workspace\Pisces\Pisces.Client\client.h(198,14): error C2143: 구문 오류: '{'이(가) '*' 앞에 없습니다.
  (소스 파일 'network_thread.c'을(를) 컴파일하는 중)
  
C:\Users\seung\Workspace\Pisces\Pisces.Client\client.h(204,34): error C2143: 구문 오류: ')'이(가) '*' 앞에 없습니다.
  (소스 파일 'network_thread.c'을(를) 컴파일하는 중)
  
C:\Users\seung\Workspace\Pisces\Pisces.Client\client.h(204,34): error C2143: 구문 오류: '{'이(가) '*' 앞에 없습니다.
  (소스 파일 'network_thread.c'을(를) 컴파일하는 중)
  
C:\Users\seung\Workspace\Pisces\Pisces.Client\client.h(204,42): error C2059: 구문 오류: ')'
  (소스 파일 'network_thread.c'을(를) 컴파일하는 중)
  
C:\Users\seung\Workspace\Pisces\Pisces.Client\client.h(211,31): error C2143: 구문 오류: ')'이(가) '*' 앞에 없습니다.
  (소스 파일 'network_thread.c'을(를) 컴파일하는 중)
  
C:\Users\seung\Workspace\Pisces\Pisces.Client\client.h(211,31): error C2143: 구문 오류: '{'이(가) '*' 앞에 없습니다.
  (소스 파일 'network_thread.c'을(를) 컴파일하는 중)
  
C:\Users\seung\Workspace\Pisces\Pisces.Client\client.h(211,39): error C2059: 구문 오류: ')'
  (소스 파일 'network_thread.c'을(를) 컴파일하는 중)
  
C:\Users\seung\Workspace\Pisces\Pisces.Client\client.h(218,34): error C2143: 구문 오류: ')'이(가) '*' 앞에 없습니다.
  (소스 파일 'network_thread.c'을(를) 컴파일하는 중)
  
C:\Users\seung\Workspace\Pisces\Pisces.Client\client.h(218,34): error C2143: 구문 오류: '{'이(가) '*' 앞에 없습니다.
  (소스 파일 'network_thread.c'을(를) 컴파일하는 중)
  
C:\Users\seung\Workspace\Pisces\Pisces.Client\client.h(218,42): error C2059: 구문 오류: ')'
  (소스 파일 'network_thread.c'을(를) 컴파일하는 중)
  
C:\Users\seung\Workspace\Pisces\Pisces.Client\client.h(225,29): error C2143: 구문 오류: ')'이(가) '*' 앞에 없습니다.
  (소스 파일 'network_thread.c'을(를) 컴파일하는 중)
  
C:\Users\seung\Workspace\Pisces\Pisces.Client\client.h(225,29): error C2143: 구문 오류: '{'이(가) '*' 앞에 없습니다.
  (소스 파일 'network_thread.c'을(를) 컴파일하는 중)
  
C:\Users\seung\Workspace\Pisces\Pisces.Client\client.h(225,37): error C2059: 구문 오류: ')'
  (소스 파일 'network_thread.c'을(를) 컴파일하는 중)
  
C:\Users\seung\Workspace\Pisces\Pisces.Client\client.h(225,37): error C1003: 오류 수가 100개를 초과했습니다. 컴파일을 중지합니다.
  (소스 파일 'network_thread.c'을(를) 컴파일하는 중)
  
  ui.c
C:\Users\seung\Workspace\Pisces\Pisces.Common\network.h(53,5): error C2061: 구문 오류: 식별자 'SOCKET'
  (소스 파일 'ui.c'을(를) 컴파일하는 중)
  
C:\Users\seung\Workspace\Pisces\Pisces.Common\network.h(58,24): error C2079: 'local_addr'은(는) 정의되지 않은 struct 'sockaddr_in'을(를) 사용합니다.
  (소스 파일 'ui.c'을(를) 컴파일하는 중)
  
C:\Users\seung\Workspace\Pisces\Pisces.Common\network.h(59,24): error C2079: 'remote_addr'은(는) 정의되지 않은 struct 'sockaddr_in'을(를) 사용합니다.
  (소스 파일 'ui.c'을(를) 컴파일하는 중)
  
C:\Users\seung\Workspace\Pisces\Pisces.Common\network.h(76,1): error C2059: 구문 오류: '}'
  (소스 파일 'ui.c'을(를) 컴파일하는 중)
  
C:\Users\seung\Workspace\Pisces\Pisces.Common\network.h(108,17): error C2143: 구문 오류: '{'이(가) '*' 앞에 없습니다.
  (소스 파일 'ui.c'을(를) 컴파일하는 중)
  
C:\Users\seung\Workspace\Pisces\Pisces.Common\network.h(114,45): error C2143: 구문 오류: ')'이(가) '*' 앞에 없습니다.
  (소스 파일 'ui.c'을(를) 컴파일하는 중)
  
C:\Users\seung\Workspace\Pisces\Pisces.Common\network.h(114,45): error C2143: 구문 오류: '{'이(가) '*' 앞에 없습니다.
  (소스 파일 'ui.c'을(를) 컴파일하는 중)
  
C:\Users\seung\Workspace\Pisces\Pisces.Common\network.h(114,51): error C2059: 구문 오류: ')'
  (소스 파일 'ui.c'을(를) 컴파일하는 중)
  
C:\Users\seung\Workspace\Pisces\Pisces.Common\network.h(121,65): error C2143: 구문 오류: ')'이(가) '*' 앞에 없습니다.
  (소스 파일 'ui.c'을(를) 컴파일하는 중)
  
C:\Users\seung\Workspace\Pisces\Pisces.Common\network.h(121,65): error C2143: 구문 오류: '{'이(가) '*' 앞에 없습니다.
  (소스 파일 'ui.c'을(를) 컴파일하는 중)
  
C:\Users\seung\Workspace\Pisces\Pisces.Common\network.h(121,71): error C2059: 구문 오류: ')'
  (소스 파일 'ui.c'을(를) 컴파일하는 중)
  
C:\Users\seung\Workspace\Pisces\Pisces.Common\network.h(129,64): error C2143: 구문 오류: ')'이(가) '*' 앞에 없습니다.
  (소스 파일 'ui.c'을(를) 컴파일하는 중)
  
C:\Users\seung\Workspace\Pisces\Pisces.Common\network.h(129,64): error C2143: 구문 오류: '{'이(가) '*' 앞에 없습니다.
  (소스 파일 'ui.c'을(를) 컴파일하는 중)
  
C:\Users\seung\Workspace\Pisces\Pisces.Common\network.h(129,72): error C2059: 구문 오류: '형식'
  (소스 파일 'ui.c'을(를) 컴파일하는 중)
  
C:\Users\seung\Workspace\Pisces\Pisces.Common\network.h(129,82): error C2059: 구문 오류: ')'
  (소스 파일 'ui.c'을(를) 컴파일하는 중)
  
C:\Users\seung\Workspace\Pisces\Pisces.Common\network.h(137,61): error C2143: 구문 오류: ')'이(가) '*' 앞에 없습니다.
  (소스 파일 'ui.c'을(를) 컴파일하는 중)
  
C:\Users\seung\Workspace\Pisces\Pisces.Common\network.h(137,61): error C2143: 구문 오류: '{'이(가) '*' 앞에 없습니다.
  (소스 파일 'ui.c'을(를) 컴파일하는 중)
  
C:\Users\seung\Workspace\Pisces\Pisces.Common\network.h(137,69): error C2059: 구문 오류: '형식'
  (소스 파일 'ui.c'을(를) 컴파일하는 중)
  
C:\Users\seung\Workspace\Pisces\Pisces.Common\network.h(137,83): error C2059: 구문 오류: ')'
  (소스 파일 'ui.c'을(를) 컴파일하는 중)
  
C:\Users\seung\Workspace\Pisces\Pisces.Common\network.h(150,54): error C2143: 구문 오류: ')'이(가) '*' 앞에 없습니다.
  (소스 파일 'ui.c'을(를) 컴파일하는 중)
  
C:\Users\seung\Workspace\Pisces\Pisces.Common\network.h(150,54): error C2143: 구문 오류: '{'이(가) '*' 앞에 없습니다.
  (소스 파일 'ui.c'을(를) 컴파일하는 중)
  
C:\Users\seung\Workspace\Pisces\Pisces.Common\network.h(150,62): error C2371: 'uint16_t': 재정의. 기본 형식이 다릅니다.
  (소스 파일 'ui.c'을(를) 컴파일하는 중)
      C:\Program Files\Microsoft Visual Studio\2022\Community\VC\Tools\MSVC\14.44.35207\include\stdint.h(23,28):
      'uint16_t' 선언을 참조하십시오.
  
C:\Users\seung\Workspace\Pisces\Pisces.Common\network.h(150,71): error C2146: 구문 오류: ';'이(가) 'port' 식별자 앞에 없습니다.
  (소스 파일 'ui.c'을(를) 컴파일하는 중)
  
C:\Users\seung\Workspace\Pisces\Pisces.Common\network.h(150,83): error C2059: 구문 오류: '형식'
  (소스 파일 'ui.c'을(를) 컴파일하는 중)
  
C:\Users\seung\Workspace\Pisces\Pisces.Common\network.h(150,101): error C2059: 구문 오류: ')'
  (소스 파일 'ui.c'을(를) 컴파일하는 중)
  
C:\Users\seung\Workspace\Pisces\Pisces.Common\network.h(158,56): error C2143: 구문 오류: ')'이(가) '*' 앞에 없습니다.
  (소스 파일 'ui.c'을(를) 컴파일하는 중)
  
C:\Users\seung\Workspace\Pisces\Pisces.Common\network.h(158,56): error C2143: 구문 오류: '{'이(가) '*' 앞에 없습니다.
  (소스 파일 'ui.c'을(를) 컴파일하는 중)
  
C:\Users\seung\Workspace\Pisces\Pisces.Common\network.h(158,64): error C2059: 구문 오류: '형식'
  (소스 파일 'ui.c'을(를) 컴파일하는 중)
  
C:\Users\seung\Workspace\Pisces\Pisces.Common\network.h(158,75): error C2059: 구문 오류: ')'
  (소스 파일 'ui.c'을(를) 컴파일하는 중)
  
C:\Users\seung\Workspace\Pisces\Pisces.Common\network.h(165,17): error C2143: 구문 오류: '{'이(가) '*' 앞에 없습니다.
  (소스 파일 'ui.c'을(를) 컴파일하는 중)
  
C:\Users\seung\Workspace\Pisces\Pisces.Common\network.h(165,57): error C2143: 구문 오류: ')'이(가) '*' 앞에 없습니다.
  (소스 파일 'ui.c'을(를) 컴파일하는 중)
  
C:\Users\seung\Workspace\Pisces\Pisces.Common\network.h(165,57): error C2143: 구문 오류: '{'이(가) '*' 앞에 없습니다.
  (소스 파일 'ui.c'을(를) 컴파일하는 중)
  
C:\Users\seung\Workspace\Pisces\Pisces.Common\network.h(165,70): error C2059: 구문 오류: ')'
  (소스 파일 'ui.c'을(를) 컴파일하는 중)
  
C:\Users\seung\Workspace\Pisces\Pisces.Common\network.h(178,57): error C2143: 구문 오류: ')'이(가) '*' 앞에 없습니다.
  (소스 파일 'ui.c'을(를) 컴파일하는 중)
  
C:\Users\seung\Workspace\Pisces\Pisces.Common\network.h(178,57): error C2143: 구문 오류: '{'이(가) '*' 앞에 없습니다.
  (소스 파일 'ui.c'을(를) 컴파일하는 중)
  
C:\Users\seung\Workspace\Pisces\Pisces.Common\network.h(178,71): error C2059: 구문 오류: '형식'
  (소스 파일 'ui.c'을(를) 컴파일하는 중)
  
C:\Users\seung\Workspace\Pisces\Pisces.Common\network.h(178,100): error C2059: 구문 오류: ')'
  (소스 파일 'ui.c'을(를) 컴파일하는 중)
  
C:\Users\seung\Workspace\Pisces\Pisces.Common\network.h(185,63): error C2143: 구문 오류: ')'이(가) '*' 앞에 없습니다.
  (소스 파일 'ui.c'을(를) 컴파일하는 중)
  
C:\Users\seung\Workspace\Pisces\Pisces.Common\network.h(185,63): error C2143: 구문 오류: '{'이(가) '*' 앞에 없습니다.
  (소스 파일 'ui.c'을(를) 컴파일하는 중)
  
C:\Users\seung\Workspace\Pisces\Pisces.Common\network.h(185,69): error C2059: 구문 오류: ')'
  (소스 파일 'ui.c'을(를) 컴파일하는 중)
  
C:\Users\seung\Workspace\Pisces\Pisces.Common\network.h(199,54): error C2143: 구문 오류: ')'이(가) '*' 앞에 없습니다.
  (소스 파일 'ui.c'을(를) 컴파일하는 중)
  
C:\Users\seung\Workspace\Pisces\Pisces.Common\network.h(199,54): error C2143: 구문 오류: '{'이(가) '*' 앞에 없습니다.
  (소스 파일 'ui.c'을(를) 컴파일하는 중)
  
C:\Users\seung\Workspace\Pisces\Pisces.Common\network.h(199,68): error C2059: 구문 오류: '형식'
  (소스 파일 'ui.c'을(를) 컴파일하는 중)
  
C:\Users\seung\Workspace\Pisces\Pisces.Common\network.h(200,32): error C2059: 구문 오류: ')'
  (소스 파일 'ui.c'을(를) 컴파일하는 중)
  
C:\Users\seung\Workspace\Pisces\Pisces.Common\network.h(210,54): error C2143: 구문 오류: ')'이(가) '*' 앞에 없습니다.
  (소스 파일 'ui.c'을(를) 컴파일하는 중)
  
C:\Users\seung\Workspace\Pisces\Pisces.Common\network.h(210,54): error C2143: 구문 오류: '{'이(가) '*' 앞에 없습니다.
  (소스 파일 'ui.c'을(를) 컴파일하는 중)
  
C:\Users\seung\Workspace\Pisces\Pisces.Common\network.h(210,62): error C2059: 구문 오류: '형식'
  (소스 파일 'ui.c'을(를) 컴파일하는 중)
  
C:\Users\seung\Workspace\Pisces\Pisces.Common\network.h(211,41): error C2059: 구문 오류: ')'
  (소스 파일 'ui.c'을(를) 컴파일하는 중)
  
C:\Users\seung\Workspace\Pisces\Pisces.Common\network.h(220,58): error C2143: 구문 오류: ')'이(가) '*' 앞에 없습니다.
  (소스 파일 'ui.c'을(를) 컴파일하는 중)
  
C:\Users\seung\Workspace\Pisces\Pisces.Common\network.h(220,58): error C2143: 구문 오류: '{'이(가) '*' 앞에 없습니다.
  (소스 파일 'ui.c'을(를) 컴파일하는 중)
  
C:\Users\seung\Workspace\Pisces\Pisces.Common\network.h(220,72): error C2059: 구문 오류: '형식'
  (소스 파일 'ui.c'을(를) 컴파일하는 중)
  
C:\Users\seung\Workspace\Pisces\Pisces.Common\network.h(220,94): error C2059: 구문 오류: ')'
  (소스 파일 'ui.c'을(를) 컴파일하는 중)
  
C:\Users\seung\Workspace\Pisces\Pisces.Common\network.h(229,58): error C2143: 구문 오류: ')'이(가) '*' 앞에 없습니다.
  (소스 파일 'ui.c'을(를) 컴파일하는 중)
  
C:\Users\seung\Workspace\Pisces\Pisces.Common\network.h(229,58): error C2143: 구문 오류: '{'이(가) '*' 앞에 없습니다.
  (소스 파일 'ui.c'을(를) 컴파일하는 중)
  
C:\Users\seung\Workspace\Pisces\Pisces.Common\network.h(229,66): error C2059: 구문 오류: '형식'
  (소스 파일 'ui.c'을(를) 컴파일하는 중)
  
C:\Users\seung\Workspace\Pisces\Pisces.Common\network.h(229,90): error C2059: 구문 오류: ')'
  (소스 파일 'ui.c'을(를) 컴파일하는 중)
  
C:\Users\seung\Workspace\Pisces\Pisces.Common\network.h(241,62): error C2143: 구문 오류: ')'이(가) '*' 앞에 없습니다.
  (소스 파일 'ui.c'을(를) 컴파일하는 중)
  
C:\Users\seung\Workspace\Pisces\Pisces.Common\network.h(241,62): error C2143: 구문 오류: '{'이(가) '*' 앞에 없습니다.
  (소스 파일 'ui.c'을(를) 컴파일하는 중)
  
C:\Users\seung\Workspace\Pisces\Pisces.Common\network.h(241,76): error C2371: 'message_t': 재정의. 기본 형식이 다릅니다.
  (소스 파일 'ui.c'을(를) 컴파일하는 중)
      C:\Users\seung\Workspace\Pisces\Pisces.Common\message.h(24,3):
      'message_t' 선언을 참조하십시오.
  
C:\Users\seung\Workspace\Pisces\Pisces.Common\network.h(241,70): warning C4228: 비표준 확장이 사용됨: 선언자 목록에서 쉼표 뒤의 한정자가 무시됩니다.
  (소스 파일 'ui.c'을(를) 컴파일하는 중)
  
C:\Users\seung\Workspace\Pisces\Pisces.Common\network.h(241,85): error C2143: 구문 오류: ';'이(가) '*' 앞에 없습니다.
  (소스 파일 'ui.c'을(를) 컴파일하는 중)
  
C:\Users\seung\Workspace\Pisces\Pisces.Common\network.h(241,90): error C2059: 구문 오류: ')'
  (소스 파일 'ui.c'을(를) 컴파일하는 중)
  
C:\Users\seung\Workspace\Pisces\Pisces.Common\network.h(248,56): error C2143: 구문 오류: ')'이(가) '*' 앞에 없습니다.
  (소스 파일 'ui.c'을(를) 컴파일하는 중)
  
C:\Users\seung\Workspace\Pisces\Pisces.Common\network.h(248,56): error C2143: 구문 오류: '{'이(가) '*' 앞에 없습니다.
  (소스 파일 'ui.c'을(를) 컴파일하는 중)
  
C:\Users\seung\Workspace\Pisces\Pisces.Common\network.h(248,62): error C2059: 구문 오류: ')'
  (소스 파일 'ui.c'을(를) 컴파일하는 중)
  
C:\Users\seung\Workspace\Pisces\Pisces.Common\network.h(259,55): error C2143: 구문 오류: ')'이(가) '*' 앞에 없습니다.
  (소스 파일 'ui.c'을(를) 컴파일하는 중)
  
C:\Users\seung\Workspace\Pisces\Pisces.Common\network.h(259,55): error C2143: 구문 오류: '{'이(가) '*' 앞에 없습니다.
  (소스 파일 'ui.c'을(를) 컴파일하는 중)
  
C:\Users\seung\Workspace\Pisces\Pisces.Common\network.h(259,61): error C2059: 구문 오류: ')'
  (소스 파일 'ui.c'을(를) 컴파일하는 중)
  
C:\Users\seung\Workspace\Pisces\Pisces.Common\network.h(266,55): error C2143: 구문 오류: ')'이(가) '*' 앞에 없습니다.
  (소스 파일 'ui.c'을(를) 컴파일하는 중)
  
C:\Users\seung\Workspace\Pisces\Pisces.Common\network.h(266,55): error C2143: 구문 오류: '{'이(가) '*' 앞에 없습니다.
  (소스 파일 'ui.c'을(를) 컴파일하는 중)
  
C:\Users\seung\Workspace\Pisces\Pisces.Common\network.h(266,61): error C2059: 구문 오류: ')'
  (소스 파일 'ui.c'을(를) 컴파일하는 중)
  
C:\Users\seung\Workspace\Pisces\Pisces.Common\network.h(274,45): error C2143: 구문 오류: ')'이(가) '*' 앞에 없습니다.
  (소스 파일 'ui.c'을(를) 컴파일하는 중)
  
C:\Users\seung\Workspace\Pisces\Pisces.Common\network.h(274,45): error C2143: 구문 오류: '{'이(가) '*' 앞에 없습니다.
  (소스 파일 'ui.c'을(를) 컴파일하는 중)
  
C:\Users\seung\Workspace\Pisces\Pisces.Common\network.h(274,53): error C2059: 구문 오류: '형식'
  (소스 파일 'ui.c'을(를) 컴파일하는 중)
  
C:\Users\seung\Workspace\Pisces\Pisces.Common\network.h(274,67): error C2059: 구문 오류: ')'
  (소스 파일 'ui.c'을(를) 컴파일하는 중)
  
C:\Users\seung\Workspace\Pisces\Pisces.Common\network.h(282,46): error C2143: 구문 오류: ')'이(가) '*' 앞에 없습니다.
  (소스 파일 'ui.c'을(를) 컴파일하는 중)
  
C:\Users\seung\Workspace\Pisces\Pisces.Common\network.h(282,46): error C2143: 구문 오류: '{'이(가) '*' 앞에 없습니다.
  (소스 파일 'ui.c'을(를) 컴파일하는 중)
  
C:\Users\seung\Workspace\Pisces\Pisces.Common\network.h(282,54): error C2059: 구문 오류: '형식'
  (소스 파일 'ui.c'을(를) 컴파일하는 중)
  
C:\Users\seung\Workspace\Pisces\Pisces.Common\network.h(282,68): error C2059: 구문 오류: ')'
  (소스 파일 'ui.c'을(를) 컴파일하는 중)
  
C:\Users\seung\Workspace\Pisces\Pisces.Common\network.h(324,55): error C2143: 구문 오류: ')'이(가) '*' 앞에 없습니다.
  (소스 파일 'ui.c'을(를) 컴파일하는 중)
  
C:\Users\seung\Workspace\Pisces\Pisces.Common\network.h(324,55): error C2143: 구문 오류: '{'이(가) '*' 앞에 없습니다.
  (소스 파일 'ui.c'을(를) 컴파일하는 중)
  
C:\Users\seung\Workspace\Pisces\Pisces.Common\network.h(324,61): error C2059: 구문 오류: ')'
  (소스 파일 'ui.c'을(를) 컴파일하는 중)
  
C:\Users\seung\Workspace\Pisces\Pisces.Common\utils.h(196,41): error C2146: 구문 오류: ')'이(가) 'error_code' 식별자 앞에 없습니다.
  (소스 파일 'ui.c'을(를) 컴파일하는 중)
  
C:\Users\seung\Workspace\Pisces\Pisces.Common\utils.h(196,41): error C2061: 구문 오류: 식별자 'error_code'
  (소스 파일 'ui.c'을(를) 컴파일하는 중)
  
C:\Users\seung\Workspace\Pisces\Pisces.Common\utils.h(196,41): error C2059: 구문 오류: ';'
  (소스 파일 'ui.c'을(를) 컴파일하는 중)
  
C:\Users\seung\Workspace\Pisces\Pisces.Common\utils.h(196,51): error C2059: 구문 오류: ','
  (소스 파일 'ui.c'을(를) 컴파일하는 중)
  
C:\Users\seung\Workspace\Pisces\Pisces.Common\utils.h(196,85): error C2059: 구문 오류: ')'
  (소스 파일 'ui.c'을(를) 컴파일하는 중)
  
C:\Users\seung\Workspace\Pisces\Pisces.Client\client.h(164,5): error C2061: 구문 오류: 식별자 'network_socket_t'
  (소스 파일 'ui.c'을(를) 컴파일하는 중)
  
C:\Users\seung\Workspace\Pisces\Pisces.Client\client.h(187,1): error C2059: 구문 오류: '}'
  (소스 파일 'ui.c'을(를) 컴파일하는 중)
  
C:\Users\seung\Workspace\Pisces\Pisces.Client\client.h(198,14): error C2143: 구문 오류: '{'이(가) '*' 앞에 없습니다.
  (소스 파일 'ui.c'을(를) 컴파일하는 중)
  
C:\Users\seung\Workspace\Pisces\Pisces.Client\client.h(204,34): error C2143: 구문 오류: ')'이(가) '*' 앞에 없습니다.
  (소스 파일 'ui.c'을(를) 컴파일하는 중)
  
C:\Users\seung\Workspace\Pisces\Pisces.Client\client.h(204,34): error C2143: 구문 오류: '{'이(가) '*' 앞에 없습니다.
  (소스 파일 'ui.c'을(를) 컴파일하는 중)
  
C:\Users\seung\Workspace\Pisces\Pisces.Client\client.h(204,42): error C2059: 구문 오류: ')'
  (소스 파일 'ui.c'을(를) 컴파일하는 중)
  
C:\Users\seung\Workspace\Pisces\Pisces.Client\client.h(211,31): error C2143: 구문 오류: ')'이(가) '*' 앞에 없습니다.
  (소스 파일 'ui.c'을(를) 컴파일하는 중)
  
C:\Users\seung\Workspace\Pisces\Pisces.Client\client.h(211,31): error C2143: 구문 오류: '{'이(가) '*' 앞에 없습니다.
  (소스 파일 'ui.c'을(를) 컴파일하는 중)
  
C:\Users\seung\Workspace\Pisces\Pisces.Client\client.h(211,39): error C2059: 구문 오류: ')'
  (소스 파일 'ui.c'을(를) 컴파일하는 중)
  
C:\Users\seung\Workspace\Pisces\Pisces.Client\client.h(218,34): error C2143: 구문 오류: ')'이(가) '*' 앞에 없습니다.
  (소스 파일 'ui.c'을(를) 컴파일하는 중)
  
C:\Users\seung\Workspace\Pisces\Pisces.Client\client.h(218,34): error C2143: 구문 오류: '{'이(가) '*' 앞에 없습니다.
  (소스 파일 'ui.c'을(를) 컴파일하는 중)
  
C:\Users\seung\Workspace\Pisces\Pisces.Client\client.h(218,42): error C2059: 구문 오류: ')'
  (소스 파일 'ui.c'을(를) 컴파일하는 중)
  
C:\Users\seung\Workspace\Pisces\Pisces.Client\client.h(225,29): error C2143: 구문 오류: ')'이(가) '*' 앞에 없습니다.
  (소스 파일 'ui.c'을(를) 컴파일하는 중)
  
C:\Users\seung\Workspace\Pisces\Pisces.Client\client.h(225,29): error C2143: 구문 오류: '{'이(가) '*' 앞에 없습니다.
  (소스 파일 'ui.c'을(를) 컴파일하는 중)
  
C:\Users\seung\Workspace\Pisces\Pisces.Client\client.h(225,37): error C2059: 구문 오류: ')'
  (소스 파일 'ui.c'을(를) 컴파일하는 중)
  
C:\Users\seung\Workspace\Pisces\Pisces.Client\client.h(225,37): error C1003: 오류 수가 100개를 초과했습니다. 컴파일을 중지합니다.
  (소스 파일 'ui.c'을(를) 컴파일하는 중)
  
  코드를 생성하고 있습니다...
